Build started 6/19/2023 2:43:42 PM.
     1>Project "D:\Workspace\Game_Dev\Gayme\Gayme\Gayme.vcxproj" on node 2 (build target(s)).
     1>InitializeBuildStatus:
         Touching "Debug\Gayme.unsuccessfulbuild".
       ClCompile:
         c:\Program Files (x86)\Microsoft Visual Studio 10.0\VC\bin\CL.exe /c /ZI /nologo /W3 /WX- /Od /Oy- /D _MBCS /Gm /EHsc /RTC1 /MDd /GS /fp:precise /Zc:wchar_t /Zc:forScope /Fo"Debug\\" /Fd"Debug\vc100.pdb" /Gd /TP /analyze- /errorReport:prompt iMain.cpp
         iMain.cpp
     1>d:\workspace\game_dev\gayme\gayme\imain.cpp(87): error C2143: syntax error : missing ')' before ';'
     1>d:\workspace\game_dev\gayme\gayme\imain.cpp(88): warning C4390: ';' : empty controlled statement found; is this the intent?
     1>Done Building Project "D:\Workspace\Game_Dev\Gayme\Gayme\Gayme.vcxproj" (build target(s)) -- FAILED.

Build FAILED.

Time Elapsed 00:00:00.74
