Build started 8/13/2023 10:13:31 PM.
     1>Project "D:\Workspace\Game_Dev\Jarif game\Jarif game\Jarif game\Jarif game.vcxproj" on node 2 (build target(s)).
     1>InitializeBuildStatus:
         Touching "Debug\Jarif game.unsuccessfulbuild".
       ClCompile:
         c:\Program Files (x86)\Microsoft Visual Studio 10.0\VC\bin\CL.exe /c /ZI /nologo /W3 /WX- /Od /Oy- /D _MBCS /Gm /EHsc /RTC1 /MDd /GS /fp:precise /Zc:wchar_t /Zc:forScope /Fo"Debug\\" /Fd"Debug\vc100.pdb" /Gd /TP /analyze- /errorReport:prompt iMain.cpp
         iMain.cpp
       Link:
         c:\Program Files (x86)\Microsoft Visual Studio 10.0\VC\bin\link.exe /ERRORREPORT:PROMPT /OUT:"D:\Workspace\Game_Dev\Jarif game\Jarif game\Debug\Jarif game.exe" /NOLOGO kernel32.lib user32.lib gdi32.lib winspool.lib comdlg32.lib advapi32.lib shell32.lib ole32.lib oleaut32.lib uuid.lib odbc32.lib odbccp32.lib /MANIFEST /ManifestFile:"Debug\Jarif game.exe.intermediate.manifest" /MANIFESTUAC:"level='asInvoker' uiAccess='false'" /DEBUG /PDB:"D:\Workspace\Game_Dev\Jarif game\Jarif game\Debug\Jarif game.pdb" /TLBID:1 /DYNAMICBASE /NXCOMPAT /IMPLIB:"D:\Workspace\Game_Dev\Jarif game\Jarif game\Debug\Jarif game.lib" /MACHINE:X86 Debug\iMain.obj
         LINK : D:\Workspace\Game_Dev\Jarif game\Jarif game\Debug\Jarif game.exe not found or not built by the last incremental link; performing full link
     1>iMain.obj : error LNK2019: unresolved external symbol "void __cdecl iPassiveMouse(int,int)" (?iPassiveMouse@@YAXHH@Z) referenced in function "void __cdecl passiveMouseHandlerFF(int,int)" (?passiveMouseHandlerFF@@YAXHH@Z)
     1>D:\Workspace\Game_Dev\Jarif game\Jarif game\Debug\Jarif game.exe : fatal error LNK1120: 1 unresolved externals
     1>Done Building Project "D:\Workspace\Game_Dev\Jarif game\Jarif game\Jarif game\Jarif game.vcxproj" (build target(s)) -- FAILED.

Build FAILED.

Time Elapsed 00:00:01.09
